<< CAP LS
<< NICK nidionis
<< USER nidionis nidionis irc.libera.chat :Nicolas Dionis
>> :zinc.libera.chat NOTICE * :*** Checking Ident
>> :zinc.libera.chat NOTICE * :*** Looking up your hostname...
>> :zinc.libera.chat NOTICE * :*** Couldn't look up your hostname
>> :zinc.libera.chat NOTICE * :*** No Ident response
>> :zinc.libera.chat CAP * LS :account-notify away-notify chghost extended-join multi-prefix sasl tls account-tag cap-notify echo-message server-time solanum.chat/identify-msg solanum.chat/oper solanum.chat/realhost
<< CAP REQ :multi-prefix
>> :zinc.libera.chat CAP nidionis ACK :multi-prefix
<< CAP END
>> :zinc.libera.chat 001 nidionis :Welcome to the Libera.Chat Internet Relay Chat Network nidionis
<< MODE nidionis +i
>> :zinc.libera.chat 002 nidionis :Your host is zinc.libera.chat[195.148.124.80/6697], running version solanum-1.0-dev
>> :zinc.libera.chat 003 nidionis :This server was created Wed Feb 5 2025 at 16:36:17 UTC
>> :zinc.libera.chat 004 nidionis zinc.libera.chat solanum-1.0-dev DGIMQRSZaghilopsuwz CFILMPQRSTbcefgijklmnopqrstuvz bkloveqjfI
>> :zinc.libera.chat 005 nidionis ACCOUNTEXTBAN=a WHOX CALLERID=g SAFELIST ELIST=CMNTU MONITOR=100 ETRACE FNC KNOCK CHANTYPES=# EXCEPTS INVEX :are supported by this server
>> :zinc.libera.chat 005 nidionis CHANMODES=eIbq,k,flj,CFLMPQRSTcgimnprstuz CHANLIMIT=#:250 PREFIX=(ov)@+ MAXLIST=bqeI:100 MODES=4 NETWORK=Libera.Chat STATUSMSG=@+ CASEMAPPING=rfc1459 NICKLEN=16 MAXNICKLEN=16 CHANNELLEN=50 TOPICLEN=390 :are supported by this server
>> :zinc.libera.chat 005 nidionis DEAF=D TARGMAX=NAMES:1,LIST:1,KICK:1,WHOIS:1,PRIVMSG:4,NOTICE:4,ACCEPT:,MONITOR: EXTBAN=$,agjrxz :are supported by this server
>> :zinc.libera.chat 251 nidionis :There are 62 users and 31576 invisible on 28 servers
>> :zinc.libera.chat 252 nidionis 40 :IRC Operators online
>> :zinc.libera.chat 253 nidionis 53 :unknown connection(s)
>> :zinc.libera.chat 254 nidionis 22792 :channels formed
>> :zinc.libera.chat 255 nidionis :I have 2012 clients and 1 servers
>> :zinc.libera.chat 265 nidionis 2012 2525 :Current local users 2012, max 2525
>> :zinc.libera.chat 266 nidionis 31638 33065 :Current global users 31638, max 33065
>> :zinc.libera.chat 250 nidionis :Highest connection count: 2526 (2525 clients) (329719 connections received)
>> :zinc.libera.chat 375 nidionis :- zinc.libera.chat Message of the Day - 
>> :zinc.libera.chat 372 nidionis :- Welcome to Libera Chat, the IRC network for
>> :zinc.libera.chat 372 nidionis :- free & open-source software and peer directed projects.
>> :zinc.libera.chat 372 nidionis :-  
>> :zinc.libera.chat 372 nidionis :- Use of Libera Chat is governed by our network policies.
>> :zinc.libera.chat 372 nidionis :-  
>> :zinc.libera.chat 372 nidionis :- To reduce network abuses we perform open proxy checks
>> :zinc.libera.chat 372 nidionis :- on hosts at connection time.
>> :zinc.libera.chat 372 nidionis :-  
>> :zinc.libera.chat 372 nidionis :- Please visit us in #libera for questions and support.
>> :zinc.libera.chat 372 nidionis :-  
>> :zinc.libera.chat 372 nidionis :- Website and documentation:  https://libera.chat
>> :zinc.libera.chat 372 nidionis :- Webchat:                    https://web.libera.chat
>> :zinc.libera.chat 372 nidionis :- Network policies:           https://libera.chat/policies
>> :zinc.libera.chat 372 nidionis :- Email:                      support@libera.chat
>> :zinc.libera.chat 376 nidionis :End of /MOTD command.
>> :nidionis MODE nidionis :+Ziw
<< PING zinc.libera.chat
>> :zinc.libera.chat PONG zinc.libera.chat :zinc.libera.chat
--> lag pong
<< JOIN #aaa
>> :nidionis!~nidionis@45.148.156.203 JOIN #aaa
>> :zinc.libera.chat MODE #aaa +Cnst
>> :zinc.libera.chat 353 nidionis @ #aaa :@nidionis
>> :zinc.libera.chat 366 nidionis #aaa :End of /NAMES list.
<< MODE #aaa
>> :services. MODE #aaa -o nidionis   
>> :zinc.libera.chat NOTICE #aaa :*** Notice -- TS for #aaa changed from 1751292466 to 1623864590
>> :services. MODE #aaa +p-C 
>> :ChanServ!ChanServ@services.libera.chat JOIN #aaa
>> :services. MODE #aaa +o ChanServ   
>> :zinc.libera.chat 324 nidionis #aaa +npst
--> chanquery mode
<< WHO #aaa
>> :zinc.libera.chat 329 nidionis #aaa 1623864590
--> event 329
>> :zinc.libera.chat 352 nidionis #aaa ChanServ services.libera.chat services. ChanServ H@ :0 Channel Services
--> silent event who
>> :zinc.libera.chat 352 nidionis #aaa ~nidionis 45.148.156.203 zinc.libera.chat nidionis H :0 Nicolas Dionis
--> silent event who
>> :zinc.libera.chat 315 nidionis #aaa :End of /WHO list.
--> chanquery who end
<< MODE #aaa b
>> :zinc.libera.chat 368 nidionis #aaa :End of Channel Ban List
--> chanquery ban end
